node:fs:573
  return binding.open(
                 ^

Error: ENOENT: no such file or directory, open 'D:\Project\socialinsurance\backend\backend\cert.pem'
    at Object.openSync (node:fs:573:18)
    at Object.readFileSync (node:fs:452:35)
    at Object.<anonymous> (D:\Project\socialinsurance\backend\src\server.js:7:12)
    at Module._compile (node:internal/modules/cjs/loader:1358:14)
    at Module._extensions..js (node:internal/modules/cjs/loader:1416:10)
    at Module.load (node:internal/modules/cjs/loader:1208:32)
    at Module._load (node:internal/modules/cjs/loader:1024:12)
    at Function.executeUserEntryPoint [as runMain] (node:internal/modules/run_main:174:12)
    at node:internal/main/run_main_module:28:49 {
  errno: -4058,
  code: 'ENOENT',
  syscall: 'open',
  path: 'D:\\Project\\socialinsurance\\backend\\backend\\cert.pem'
}

Node.js v20.15.0
node:fs:573
  return binding.open(
                 ^

Error: ENOENT: no such file or directory, open 'D:\Project\socialinsurance\backend\backend\cert.pem'
    at Object.openSync (node:fs:573:18)
    at Object.readFileSync (node:fs:452:35)
    at Object.<anonymous> (D:\Project\socialinsurance\backend\src\server.js:7:12)
    at Module._compile (node:internal/modules/cjs/loader:1358:14)
    at Module._extensions..js (node:internal/modules/cjs/loader:1416:10)
    at Module.load (node:internal/modules/cjs/loader:1208:32)
    at Module._load (node:internal/modules/cjs/loader:1024:12)
    at Function.executeUserEntryPoint [as runMain] (node:internal/modules/run_main:174:12)
    at node:internal/main/run_main_module:28:49 {
  errno: -4058,
  code: 'ENOENT',
  syscall: 'open',
  path: 'D:\\Project\\socialinsurance\\backend\\backend\\cert.pem'
}

Node.js v20.15.0
node:fs:573
  return binding.open(
                 ^

Error: ENOENT: no such file or directory, open 'D:\Project\socialinsurance\backend\backend\cert.pem'
    at Object.openSync (node:fs:573:18)
    at Object.readFileSync (node:fs:452:35)
    at Object.<anonymous> (D:\Project\socialinsurance\backend\src\server.js:7:12)
    at Module._compile (node:internal/modules/cjs/loader:1358:14)
    at Module._extensions..js (node:internal/modules/cjs/loader:1416:10)
    at Module.load (node:internal/modules/cjs/loader:1208:32)
    at Module._load (node:internal/modules/cjs/loader:1024:12)
    at Function.executeUserEntryPoint [as runMain] (node:internal/modules/run_main:174:12)
    at node:internal/main/run_main_module:28:49 {
  errno: -4058,
  code: 'ENOENT',
  syscall: 'open',
  path: 'D:\\Project\\socialinsurance\\backend\\backend\\cert.pem'
}

Node.js v20.15.0
node:fs:573
  return binding.open(
                 ^

Error: ENOENT: no such file or directory, open 'D:\Project\socialinsurance\backend\backend\cert.pem'
    at Object.openSync (node:fs:573:18)
    at Object.readFileSync (node:fs:452:35)
    at Object.<anonymous> (D:\Project\socialinsurance\backend\src\server.js:7:12)
    at Module._compile (node:internal/modules/cjs/loader:1358:14)
    at Module._extensions..js (node:internal/modules/cjs/loader:1416:10)
    at Module.load (node:internal/modules/cjs/loader:1208:32)
    at Module._load (node:internal/modules/cjs/loader:1024:12)
    at Function.executeUserEntryPoint [as runMain] (node:internal/modules/run_main:174:12)
    at node:internal/main/run_main_module:28:49 {
  errno: -4058,
  code: 'ENOENT',
  syscall: 'open',
  path: 'D:\\Project\\socialinsurance\\backend\\backend\\cert.pem'
}

Node.js v20.15.0
node:fs:573
  return binding.open(
                 ^

Error: ENOENT: no such file or directory, open 'D:\Project\socialinsurance\backend\backend\cert.pem'
    at Object.openSync (node:fs:573:18)
    at Object.readFileSync (node:fs:452:35)
    at Object.<anonymous> (D:\Project\socialinsurance\backend\src\server.js:7:12)
    at Module._compile (node:internal/modules/cjs/loader:1358:14)
    at Module._extensions..js (node:internal/modules/cjs/loader:1416:10)
    at Module.load (node:internal/modules/cjs/loader:1208:32)
    at Module._load (node:internal/modules/cjs/loader:1024:12)
    at Function.executeUserEntryPoint [as runMain] (node:internal/modules/run_main:174:12)
    at node:internal/main/run_main_module:28:49 {
  errno: -4058,
  code: 'ENOENT',
  syscall: 'open',
  path: 'D:\\Project\\socialinsurance\\backend\\backend\\cert.pem'
}

Node.js v20.15.0
node:fs:573
  return binding.open(
                 ^

Error: ENOENT: no such file or directory, open 'D:\Project\socialinsurance\backend\backend\cert.pem'
    at Object.openSync (node:fs:573:18)
    at Object.readFileSync (node:fs:452:35)
    at Object.<anonymous> (D:\Project\socialinsurance\backend\src\server.js:7:12)
    at Module._compile (node:internal/modules/cjs/loader:1358:14)
    at Module._extensions..js (node:internal/modules/cjs/loader:1416:10)
    at Module.load (node:internal/modules/cjs/loader:1208:32)
    at Module._load (node:internal/modules/cjs/loader:1024:12)
    at Function.executeUserEntryPoint [as runMain] (node:internal/modules/run_main:174:12)
    at node:internal/main/run_main_module:28:49 {
  errno: -4058,
  code: 'ENOENT',
  syscall: 'open',
  path: 'D:\\Project\\socialinsurance\\backend\\backend\\cert.pem'
}

Node.js v20.15.0
node:fs:573
  return binding.open(
                 ^

Error: ENOENT: no such file or directory, open 'D:\Project\socialinsurance\backend\backend\cert.pem'
    at Object.openSync (node:fs:573:18)
    at Object.readFileSync (node:fs:452:35)
    at Object.<anonymous> (D:\Project\socialinsurance\backend\src\server.js:7:12)
    at Module._compile (node:internal/modules/cjs/loader:1358:14)
    at Module._extensions..js (node:internal/modules/cjs/loader:1416:10)
    at Module.load (node:internal/modules/cjs/loader:1208:32)
    at Module._load (node:internal/modules/cjs/loader:1024:12)
    at Function.executeUserEntryPoint [as runMain] (node:internal/modules/run_main:174:12)
    at node:internal/main/run_main_module:28:49 {
  errno: -4058,
  code: 'ENOENT',
  syscall: 'open',
  path: 'D:\\Project\\socialinsurance\\backend\\backend\\cert.pem'
}

Node.js v20.15.0
node:fs:573
  return binding.open(
                 ^

Error: ENOENT: no such file or directory, open 'D:\Project\socialinsurance\backend\backend\cert.pem'
    at Object.openSync (node:fs:573:18)
    at Object.readFileSync (node:fs:452:35)
    at Object.<anonymous> (D:\Project\socialinsurance\backend\src\server.js:7:12)
    at Module._compile (node:internal/modules/cjs/loader:1358:14)
    at Module._extensions..js (node:internal/modules/cjs/loader:1416:10)
    at Module.load (node:internal/modules/cjs/loader:1208:32)
    at Module._load (node:internal/modules/cjs/loader:1024:12)
    at Function.executeUserEntryPoint [as runMain] (node:internal/modules/run_main:174:12)
    at node:internal/main/run_main_module:28:49 {
  errno: -4058,
  code: 'ENOENT',
  syscall: 'open',
  path: 'D:\\Project\\socialinsurance\\backend\\backend\\cert.pem'
}

Node.js v20.15.0
node:fs:573
  return binding.open(
                 ^

Error: ENOENT: no such file or directory, open 'D:\Project\socialinsurance\backend\backend\cert.pem'
    at Object.openSync (node:fs:573:18)
    at Object.readFileSync (node:fs:452:35)
    at Object.<anonymous> (D:\Project\socialinsurance\backend\src\server.js:7:12)
    at Module._compile (node:internal/modules/cjs/loader:1358:14)
    at Module._extensions..js (node:internal/modules/cjs/loader:1416:10)
    at Module.load (node:internal/modules/cjs/loader:1208:32)
    at Module._load (node:internal/modules/cjs/loader:1024:12)
    at Function.executeUserEntryPoint [as runMain] (node:internal/modules/run_main:174:12)
    at node:internal/main/run_main_module:28:49 {
  errno: -4058,
  code: 'ENOENT',
  syscall: 'open',
  path: 'D:\\Project\\socialinsurance\\backend\\backend\\cert.pem'
}

Node.js v20.15.0
